Arguments: 
  C:\Program Files\nodejs\node.exe c:\Program Files (x86)\Yarn\bin\yarn.js add -D @types/node typescript

PATH: 
  c:\python39\scripts\;c:\python39\;c:\programdata\oracle\java\javapath;c:\programdata\boxstarter;c:\program files (x86)\vmware\vmware workstation\bin\;c:\python38\scripts\;c:\python38\;c:\windows\system32;c:\windows;c:\windows\system32\wbem;c:\windows\system32\windowspowershell\v1.0\;c:\windows\system32\openssh\;c:\program files\dotnet\;c:\program files\microsoft sql server\130\tools\binn\;c:\program files\putty\;c:\programdata\chocolatey\bin;c:\program files\git\cmd;c:\program files (x86)\calibre2\;c:\program files\nvidia corporation\nvidia nvdlisr;c:\program files (x86)\gow\bin;c:\program files (x86)\powershell\7-preview\preview;c:\program files\microsoft sql server\client sdk\odbc\170\tools\binn\;c:\program files (x86)\touch portal\plugins\adb\platform-tools;c:\program files (x86)\gpg4win\..\gnupg\bin;c:\src\flutter;c:\src;c:\src\flutter\bin;c:\users\kkmic\appdata\local\android\sdk\tools\bin;c:\program files (x86)\dotnet\;c:\program files\repoz;c:\program files (x86)\gitextensions\;c:\program files\wireguard\;c:\program files (x86)\winmerge;c:\program files\docker\docker\resources\bin;c:\programdata\dockerdesktop\version-bin;c:\program files (x86)\yarn\bin\;C:\Program Files (x86)\NVIDIA Corporation\PhysX\Common;C:\Program Files\FileBot\;C:\Program Files\Go\bin;C:\Program Files\Git\cmd;C:\Program Files (x86)\Tailscale IPN;C:\Users\kkmic\AppData\Roaming\nvm;C:\Program Files\nodejs;C:\Users\kkmic\.cargo\bin;C:\Users\kkmic\Downloads\v\.bin;C:\Users\kkmic\scoop\apps\nu\current\Plugins;C:\Users\kkmic\scoop\shims;C:\Users\kkmic\AppData\Local\Programs\Python\Python37-32\Scripts;C:\Users\kkmic\AppData\Local\Programs\Python\Python37-32;C:\Users\kkmic\AppData\Local\Microsoft\WindowsApps;C:\Users\kkmic\AppData\Local\Programs\Microsoft VS Code\bin;C:\Users\kkmic\.dotnet\tools;C:\Program Files\Bandizip;C:\ProgramData\AppGet\bin;C:\Program Files\heroku\bin;C:\Program Files (x86)\GitHub CLI;C:\Users\kkmic\AppData\Local\GitHubDesktop\bin;C:\src\flutter\bin;C:\src\flutter;C:\Users\kkmic\AppData\Local\Android\Sdk\tools\bin;C:\Program Files\Docker Toolbox;C:\Users\kkmic\AppData\Local\Markdown Monster;C:\Users\kkmic\AppData\Local\Yarn\bin;C:\Users\kkmic\AppData\Local\gitkraken\bin;C:\Users\kkmic\go\bin;C:\Users\kkmic\AppData\Roaming\nvm;C:\Program Files\nodejs

Yarn version: 
  1.22.5

Node version: 
  15.6.0

Platform: 
  win32 x64

Trace: 
  SyntaxError: C:\Users\kkmic\Git\TutorialsV2\package.json: Unexpected string in JSON at position 206
      at JSON.parse (<anonymous>)
      at c:\Program Files (x86)\Yarn\lib\cli.js:1625:59
      at Generator.next (<anonymous>)
      at step (c:\Program Files (x86)\Yarn\lib\cli.js:310:30)
      at c:\Program Files (x86)\Yarn\lib\cli.js:321:13

npm manifest: 
  {
    "name": "TutorialsV2",
    "version": "1.0.0",
    "description": "My new Git repo for all my learnings.",
    "main": "index.js",
    "scripts": {
      "test": "echo \"Error: no test specified\" && exit 1"
      "start":
    },
    "repository": {
      "type": "git",
      "url": "git+https://github.com/KaiDevrim/TutorialsV2.git"
    },
    "keywords": [],
    "author": "",
    "license": "ISC",
    "bugs": {
      "url": "https://github.com/KaiDevrim/TutorialsV2/issues"
    },
    "homepage": "https://github.com/KaiDevrim/TutorialsV2#readme"
  }

yarn manifest: 
  No manifest

Lockfile: 
  # THIS IS AN AUTOGENERATED FILE. DO NOT EDIT THIS FILE DIRECTLY.
  # yarn lockfile v1
  
  
  "@types/node@^14.14.31":
    version "14.14.31"
    resolved "https://registry.yarnpkg.com/@types/node/-/node-14.14.31.tgz#72286bd33d137aa0d152d47ec7c1762563d34055"
    integrity sha512-vFHy/ezP5qI0rFgJ7aQnjDXwAMrG0KqqIH7tQG5PPv3BWBayOPIQNBjVc/P6hhdZfMx51REc6tfDNXHUio893g==
  
  typescript@^4.2.2:
    version "4.2.2"
    resolved "https://registry.yarnpkg.com/typescript/-/typescript-4.2.2.tgz#1450f020618f872db0ea17317d16d8da8ddb8c4c"
    integrity sha512-tbb+NVrLfnsJy3M59lsDgrzWIflR4d4TIUjz+heUnHZwdF7YsrMTKoRERiIvI2lvBG95dfpLxB21WZhys1bgaQ==
